1) Remote-URL:
origin	https://github.com/nickyreinert/nickyreinert.de.git (fetch)
origin	https://github.com/nickyreinert/nickyreinert.de.git (push)

2) Konfiguration (global):
filter.lfs.smudge=git-lfs smudge -- %f
filter.lfs.process=git-lfs filter-process
filter.lfs.required=true
filter.lfs.clean=git-lfs clean -- %f
user.name=nickyreinert-vml
user.email=nicky.reinert@vml.com
credential.helper=store

3) Git-Version:
git version 2.39.5 (Apple Git-154)

4) SSH-Agent (läuft er?):
Agent pid 37362
2048 SHA256:NRo3V4Cm4OXongPiLXqbhALdsykweUo+61PZwB3FGmw /Users/nicky.reinert/vault42/codes/nre_rsa_4.pem (RSA)

5) SSH-Test (verbose) - läuft etwas kürzer mit Timeout:
>>> running (timeout=30s): ssh -vvv -T git@github.com
OpenSSH_9.9p2, LibreSSL 3.3.6
debug1: Reading configuration data /Users/nicky.reinert/.ssh/config
debug1: /Users/nicky.reinert/.ssh/config line 11: Applying options for github.com
debug1: Reading configuration data /etc/ssh/ssh_config
debug3: /etc/ssh/ssh_config line 22: Including file /etc/ssh/ssh_config.d/100-macos.conf depth 0
debug1: Reading configuration data /etc/ssh/ssh_config.d/100-macos.conf
debug1: /etc/ssh/ssh_config.d/100-macos.conf line 1: Applying options for *
debug3: /etc/ssh/ssh_config.d/100-macos.conf line 3: Including file /etc/ssh/crypto.conf depth 1
debug1: Reading configuration data /etc/ssh/crypto.conf
debug3: kex names ok: [ecdh-sha2-nistp256]
debug3: expanded UserKnownHostsFile '~/.ssh/known_hosts' -> '/Users/nicky.reinert/.ssh/known_hosts'
debug3: expanded UserKnownHostsFile '~/.ssh/known_hosts2' -> '/Users/nicky.reinert/.ssh/known_hosts2'
debug1: Authenticator provider $SSH_SK_PROVIDER did not resolve; disabling
debug3: channel_clear_timeouts: clearing
debug1: Connecting to github.com port 22.
debug1: Connection established.
debug1: identity file /Users/nicky.reinert/vault42/codes/nre_rsa_4.pem type -1
debug1: identity file /Users/nicky.reinert/vault42/codes/nre_rsa_4.pem-cert type -1
debug1: Local version string SSH-2.0-OpenSSH_9.9
debug1: Remote protocol version 2.0, remote software version 5554dfa
debug1: compat_banner: no match: 5554dfa
debug3: fd 5 is O_NONBLOCK
debug1: Authenticating to github.com:22 as 'git'
debug3: record_hostkey: found key type ED25519 in file /Users/nicky.reinert/.ssh/known_hosts:9
debug3: record_hostkey: found key type RSA in file /Users/nicky.reinert/.ssh/known_hosts:10
debug3: record_hostkey: found key type ECDSA in file /Users/nicky.reinert/.ssh/known_hosts:11
debug3: load_hostkeys_file: loaded 3 keys from github.com
debug1: load_hostkeys: fopen /Users/nicky.reinert/.ssh/known_hosts2: No such file or directory
debug1: load_hostkeys: fopen /etc/ssh/ssh_known_hosts: No such file or directory
debug1: load_hostkeys: fopen /etc/ssh/ssh_known_hosts2: No such file or directory
debug3: order_hostkeyalgs: have matching best-preference key type ssh-ed25519-cert-v01@openssh.com, using HostkeyAlgorithms verbatim
debug3: send packet: type 20
debug1: SSH2_MSG_KEXINIT sent
debug3: receive packet: type 20
debug1: SSH2_MSG_KEXINIT received
debug2: local client KEXINIT proposal
debug2: KEX algorithms: ecdh-sha2-nistp256,sntrup761x25519-sha512,sntrup761x25519-sha512@openssh.com,mlkem768x25519-sha256,curve25519-sha256,curve25519-sha256@libssh.org,ecdh-sha2-nistp384,ecdh-sha2-nistp521,diffie-hellman-group-exchange-sha256,diffie-hellman-group16-sha512,diffie-hellman-group18-sha512,diffie-hellman-group14-sha256,ext-info-c,kex-strict-c-v00@openssh.com
debug2: host key algorithms: ssh-ed25519-cert-v01@openssh.com,ecdsa-sha2-nistp256-cert-v01@openssh.com,ecdsa-sha2-nistp384-cert-v01@openssh.com,ecdsa-sha2-nistp521-cert-v01@openssh.com,sk-ssh-ed25519-cert-v01@openssh.com,sk-ecdsa-sha2-nistp256-cert-v01@openssh.com,rsa-sha2-512-cert-v01@openssh.com,rsa-sha2-256-cert-v01@openssh.com,ssh-ed25519,ecdsa-sha2-nistp256,ecdsa-sha2-nistp384,ecdsa-sha2-nistp521,sk-ssh-ed25519@openssh.com,sk-ecdsa-sha2-nistp256@openssh.com,rsa-sha2-512,rsa-sha2-256
debug2: ciphers ctos: aes128-gcm@openssh.com,aes256-gcm@openssh.com,chacha20-poly1305@openssh.com,aes128-ctr,aes192-ctr,aes256-ctr
debug2: ciphers stoc: aes128-gcm@openssh.com,aes256-gcm@openssh.com,chacha20-poly1305@openssh.com,aes128-ctr,aes192-ctr,aes256-ctr
debug2: MACs ctos: hmac-sha2-256-etm@openssh.com,hmac-sha2-256,umac-64-etm@openssh.com,umac-128-etm@openssh.com,hmac-sha2-512-etm@openssh.com,hmac-sha1-etm@openssh.com,umac-64@openssh.com,umac-128@openssh.com,hmac-sha2-512,hmac-sha1
debug2: MACs stoc: hmac-sha2-256-etm@openssh.com,hmac-sha2-256,umac-64-etm@openssh.com,umac-128-etm@openssh.com,hmac-sha2-512-etm@openssh.com,hmac-sha1-etm@openssh.com,umac-64@openssh.com,umac-128@openssh.com,hmac-sha2-512,hmac-sha1
debug2: compression ctos: none,zlib@openssh.com
debug2: compression stoc: none,zlib@openssh.com
debug2: languages ctos: 
debug2: languages stoc: 
debug2: first_kex_follows 0 
debug2: reserved 0 
debug2: peer server KEXINIT proposal
debug2: KEX algorithms: sntrup761x25519-sha512,sntrup761x25519-sha512@openssh.com,curve25519-sha256,curve25519-sha256@libssh.org,ecdh-sha2-nistp256,ecdh-sha2-nistp384,ecdh-sha2-nistp521,diffie-hellman-group-exchange-sha256,kex-strict-s-v00@openssh.com
debug2: host key algorithms: ssh-ed25519,ecdsa-sha2-nistp256,rsa-sha2-512,rsa-sha2-256,ssh-rsa
debug2: ciphers ctos: chacha20-poly1305@openssh.com,aes256-gcm@openssh.com,aes128-gcm@openssh.com,aes256-ctr,aes192-ctr,aes128-ctr
debug2: ciphers stoc: chacha20-poly1305@openssh.com,aes256-gcm@openssh.com,aes128-gcm@openssh.com,aes256-ctr,aes192-ctr,aes128-ctr
debug2: MACs ctos: hmac-sha2-512-etm@openssh.com,hmac-sha2-256-etm@openssh.com,hmac-sha2-512,hmac-sha2-256
debug2: MACs stoc: hmac-sha2-512-etm@openssh.com,hmac-sha2-256-etm@openssh.com,hmac-sha2-512,hmac-sha2-256
debug2: compression ctos: none,zlib@openssh.com
debug2: compression stoc: none,zlib@openssh.com
debug2: languages ctos: 
debug2: languages stoc: 
debug2: first_kex_follows 0 
debug2: reserved 0 
debug3: kex_choose_conf: will use strict KEX ordering
debug1: kex: algorithm: ecdh-sha2-nistp256
debug1: kex: host key algorithm: ssh-ed25519
debug1: kex: server->client cipher: aes128-gcm@openssh.com MAC: <implicit> compression: none
debug1: kex: client->server cipher: aes128-gcm@openssh.com MAC: <implicit> compression: none
debug3: send packet: type 30
debug1: expecting SSH2_MSG_KEX_ECDH_REPLY
debug3: receive packet: type 31
debug1: SSH2_MSG_KEX_ECDH_REPLY received
debug1: Server host key: ssh-ed25519 SHA256:+DiY3wvvV6TuJJhbpZisF/zLDA0zPMSvHdkr4UvCOqU
debug3: record_hostkey: found key type ED25519 in file /Users/nicky.reinert/.ssh/known_hosts:9
debug3: record_hostkey: found key type RSA in file /Users/nicky.reinert/.ssh/known_hosts:10
debug3: record_hostkey: found key type ECDSA in file /Users/nicky.reinert/.ssh/known_hosts:11
debug3: load_hostkeys_file: loaded 3 keys from github.com
debug1: load_hostkeys: fopen /Users/nicky.reinert/.ssh/known_hosts2: No such file or directory
debug1: load_hostkeys: fopen /etc/ssh/ssh_known_hosts: No such file or directory
debug1: load_hostkeys: fopen /etc/ssh/ssh_known_hosts2: No such file or directory
debug1: Host 'github.com' is known and matches the ED25519 host key.
debug1: Found key in /Users/nicky.reinert/.ssh/known_hosts:9
debug3: send packet: type 21
debug1: ssh_packet_send2_wrapped: resetting send seqnr 3
debug2: ssh_set_newkeys: mode 1
debug1: rekey out after 4294967296 blocks
debug1: SSH2_MSG_NEWKEYS sent
debug1: expecting SSH2_MSG_NEWKEYS
debug3: receive packet: type 21
debug1: ssh_packet_read_poll2: resetting read seqnr 3
debug1: SSH2_MSG_NEWKEYS received
debug2: ssh_set_newkeys: mode 0
debug1: rekey in after 4294967296 blocks
debug2: KEX algorithms: ecdh-sha2-nistp256,sntrup761x25519-sha512,sntrup761x25519-sha512@openssh.com,mlkem768x25519-sha256,curve25519-sha256,curve25519-sha256@libssh.org,ecdh-sha2-nistp384,ecdh-sha2-nistp521,diffie-hellman-group-exchange-sha256,diffie-hellman-group16-sha512,diffie-hellman-group18-sha512,diffie-hellman-group14-sha256,ext-info-c,kex-strict-c-v00@openssh.com
debug2: host key algorithms: ssh-ed25519-cert-v01@openssh.com,ecdsa-sha2-nistp256-cert-v01@openssh.com,ecdsa-sha2-nistp384-cert-v01@openssh.com,ecdsa-sha2-nistp521-cert-v01@openssh.com,sk-ssh-ed25519-cert-v01@openssh.com,sk-ecdsa-sha2-nistp256-cert-v01@openssh.com,rsa-sha2-512-cert-v01@openssh.com,rsa-sha2-256-cert-v01@openssh.com,ssh-ed25519,ecdsa-sha2-nistp256,ecdsa-sha2-nistp384,ecdsa-sha2-nistp521,sk-ssh-ed25519@openssh.com,sk-ecdsa-sha2-nistp256@openssh.com,rsa-sha2-512,rsa-sha2-256
debug2: ciphers ctos: aes128-gcm@openssh.com,aes256-gcm@openssh.com,chacha20-poly1305@openssh.com,aes128-ctr,aes192-ctr,aes256-ctr
debug2: ciphers stoc: aes128-gcm@openssh.com,aes256-gcm@openssh.com,chacha20-poly1305@openssh.com,aes128-ctr,aes192-ctr,aes256-ctr
debug2: MACs ctos: hmac-sha2-256-etm@openssh.com,hmac-sha2-256,umac-64-etm@openssh.com,umac-128-etm@openssh.com,hmac-sha2-512-etm@openssh.com,hmac-sha1-etm@openssh.com,umac-64@openssh.com,umac-128@openssh.com,hmac-sha2-512,hmac-sha1
debug2: MACs stoc: hmac-sha2-256-etm@openssh.com,hmac-sha2-256,umac-64-etm@openssh.com,umac-128-etm@openssh.com,hmac-sha2-512-etm@openssh.com,hmac-sha1-etm@openssh.com,umac-64@openssh.com,umac-128@openssh.com,hmac-sha2-512,hmac-sha1
debug2: compression ctos: none,zlib@openssh.com
debug2: compression stoc: none,zlib@openssh.com
debug2: languages ctos: 
debug2: languages stoc: 
debug2: first_kex_follows 0 
debug2: reserved 0 
debug3: send packet: type 5
debug3: receive packet: type 7
debug1: SSH2_MSG_EXT_INFO received
debug3: kex_input_ext_info: extension server-sig-algs
debug1: kex_ext_info_client_parse: server-sig-algs=<ssh-ed25519-cert-v01@openssh.com,ecdsa-sha2-nistp521-cert-v01@openssh.com,ecdsa-sha2-nistp384-cert-v01@openssh.com,ecdsa-sha2-nistp256-cert-v01@openssh.com,sk-ssh-ed25519-cert-v01@openssh.com,sk-ecdsa-sha2-nistp256-cert-v01@openssh.com,rsa-sha2-512-cert-v01@openssh.com,rsa-sha2-256-cert-v01@openssh.com,ssh-rsa-cert-v01@openssh.com,sk-ssh-ed25519@openssh.com,sk-ecdsa-sha2-nistp256@openssh.com,ssh-ed25519,ecdsa-sha2-nistp521,ecdsa-sha2-nistp384,ecdsa-sha2-nistp256,rsa-sha2-512,rsa-sha2-256,ssh-rsa>
debug3: kex_input_ext_info: extension publickey-hostbound@openssh.com
debug1: kex_ext_info_check_ver: publickey-hostbound@openssh.com=<0>
debug3: receive packet: type 6
debug2: service_accept: ssh-userauth
debug1: SSH2_MSG_SERVICE_ACCEPT received
debug3: send packet: type 50
debug3: receive packet: type 51
debug1: Authentications that can continue: publickey
debug3: start over, passed a different list publickey
debug3: preferred publickey,keyboard-interactive,password
debug3: authmethod_lookup publickey
debug3: remaining preferred: keyboard-interactive,password
debug3: authmethod_is_enabled publickey
debug1: Next authentication method: publickey
debug3: ssh_get_authentication_socket_path: path '/var/folders/8x/_lkql6z101sbv_z71xcnfkyh0000gp/T//ssh-TsFXqNMgi1YJ/agent.64837'
debug1: get_agent_identities: bound agent to hostkey
debug1: get_agent_identities: agent returned 1 keys
debug1: Will attempt key: /Users/nicky.reinert/vault42/codes/nre_rsa_4.pem  explicit
debug2: pubkey_prepare: done
debug1: Trying private key: /Users/nicky.reinert/vault42/codes/nre_rsa_4.pem
debug3: Search for item with query: {
    acct = "/Users/nicky.reinert/vault42/codes/nre_rsa_4.pem";
    agrp = "com.apple.ssh.passphrases";
    class = genp;
    labl = "SSH: /Users/nicky.reinert/vault42/codes/nre_rsa_4.pem";
    nleg = 1;
    "r_Data" = 1;
    svce = OpenSSH;
    "u_AuthUI" = "u_AuthUIF";
}
debug2: using passphrase from keychain
debug3: ssh_get_authentication_socket_path: path '/var/folders/8x/_lkql6z101sbv_z71xcnfkyh0000gp/T//ssh-TsFXqNMgi1YJ/agent.64837'
debug1: identity added to agent: /Users/nicky.reinert/vault42/codes/nre_rsa_4.pem
debug3: sign_and_send_pubkey: using publickey-hostbound-v00@openssh.com with RSA SHA256:NRo3V4Cm4OXongPiLXqbhALdsykweUo+61PZwB3FGmw
debug3: sign_and_send_pubkey: signing using rsa-sha2-512 SHA256:NRo3V4Cm4OXongPiLXqbhALdsykweUo+61PZwB3FGmw
debug3: send packet: type 50
debug2: we sent a publickey packet, wait for reply
debug3: receive packet: type 52
Authenticated to github.com ([140.82.121.4]:22) using "publickey".
debug2: fd 6 setting O_NONBLOCK
debug2: fd 7 setting O_NONBLOCK
debug1: channel 0: new session [client-session] (inactive timeout: 0)
debug3: ssh_session2_open: channel_new: 0
debug2: channel 0: send open
debug3: send packet: type 90
debug1: Entering interactive session.
debug1: pledge: filesystem
debug3: client_repledge: enter
debug3: receive packet: type 80
debug1: client_input_global_request: rtype hostkeys-00@openssh.com want_reply 0
debug3: client_input_hostkeys: received RSA key SHA256:uNiVztksCsDhcc0u9e8BujQXVUpKZIDTMczCvj3tD2s
debug3: client_input_hostkeys: received ECDSA key SHA256:p2QAMXNIC1TJYWeIOttrVc98/R1BUFWu3/LiyKgUfQM
debug3: client_input_hostkeys: received ED25519 key SHA256:+DiY3wvvV6TuJJhbpZisF/zLDA0zPMSvHdkr4UvCOqU
debug1: client_input_hostkeys: searching /Users/nicky.reinert/.ssh/known_hosts for github.com / (none)
debug3: hostkeys_foreach: reading file "/Users/nicky.reinert/.ssh/known_hosts"
debug3: hostkeys_find: found ssh-ed25519 key at /Users/nicky.reinert/.ssh/known_hosts:9
debug3: hostkeys_find: found ssh-rsa key at /Users/nicky.reinert/.ssh/known_hosts:10
debug3: hostkeys_find: found ecdsa-sha2-nistp256 key at /Users/nicky.reinert/.ssh/known_hosts:11
debug1: client_input_hostkeys: searching /Users/nicky.reinert/.ssh/known_hosts2 for github.com / (none)
debug1: client_input_hostkeys: hostkeys file /Users/nicky.reinert/.ssh/known_hosts2 does not exist
debug3: client_input_hostkeys: 3 server keys: 0 new, 3 retained, 0 incomplete match. 0 to remove
debug1: client_input_hostkeys: no new or deprecated keys from server
debug3: client_repledge: enter
debug3: receive packet: type 91
debug2: channel_input_open_confirmation: channel 0: callback start
debug2: fd 5 setting TCP_NODELAY
debug3: set_sock_tos: set socket 5 IP_TOS 0x20
debug2: client_session2_setup: id 0
debug1: Sending environment.
debug3: Ignored env NVM_INC
debug3: Ignored env SSH_AGENT_PID
debug3: Ignored env TERM_PROGRAM
debug3: Ignored env NVM_CD_FLAGS
debug3: Ignored env ANDROID_HOME
debug3: Ignored env SHELL
debug3: Ignored env TERM
debug3: Ignored env CLICOLOR
debug3: Ignored env HISTSIZE
debug3: Ignored env TMPDIR
debug3: Ignored env HOMEBREW_REPOSITORY
debug3: Ignored env TERM_PROGRAM_VERSION
debug3: Ignored env VSCODE_PYTHON_AUTOACTIVATE_GUARD
debug3: Ignored env MallocSpaceEfficient
debug3: Ignored env MallocNanoZone
debug3: Ignored env ORIGINAL_XDG_CURRENT_DESKTOP
debug3: Ignored env USER
debug3: Ignored env HISTFILESIZE
debug3: Ignored env NVM_DIR
debug3: Ignored env COMMAND_MODE
debug3: Ignored env SSH_AUTH_SOCK
debug3: Ignored env __CF_USER_TEXT_ENCODING
debug3: Ignored env PYDEVD_DISABLE_FILE_VALIDATION
debug3: Ignored env LSCOLORS
debug3: Ignored env PATH
debug3: Ignored env __CFBundleIdentifier
debug3: Ignored env PWD
debug3: Ignored env DOTNET_ROOT
debug3: Ignored env JAVA_HOME
debug1: channel 0: setting env LANG = "de_DE.UTF-8"
debug2: channel 0: request env confirm 0
debug3: send packet: type 98
debug3: Ignored env BUNDLED_DEBUGPY_PATH
debug3: Ignored env PYTHONSTARTUP
debug3: Ignored env XPC_FLAGS
debug3: Ignored env VSCODE_GIT_ASKPASS_EXTRA_ARGS
debug3: Ignored env XPC_SERVICE_NAME
debug3: Ignored env HISTCONTROL
debug3: Ignored env VSCODE_DEBUGPY_ADAPTER_ENDPOINTS
debug3: Ignored env HOME
debug3: Ignored env SHLVL
debug3: Ignored env VSCODE_GIT_ASKPASS_MAIN
debug3: Ignored env PYTHON_BASIC_REPL
debug3: Ignored env HOMEBREW_PREFIX
debug3: Ignored env LOGNAME
debug3: Ignored env VSCODE_GIT_IPC_HANDLE
debug3: Ignored env NVM_BIN
debug3: Ignored env GIT_ASKPASS
debug3: Ignored env VSCODE_GIT_ASKPASS_NODE
debug3: Ignored env HOMEBREW_CELLAR
debug3: Ignored env INFOPATH
debug3: Ignored env COLORTERM
debug3: Ignored env _
debug2: channel 0: request shell confirm 1
debug3: send packet: type 98
debug3: client_repledge: enter
debug1: pledge: fork
debug2: channel_input_open_confirmation: channel 0: callback done
debug2: channel 0: open confirm rwindow 32000 rmax 35000
debug2: channel 0: read failed rfd 6 maxlen 32000: Broken pipe
debug2: channel 0: read failed
debug2: chan_shutdown_read: channel 0: (i0 o0 sock -1 wfd 6 efd 8 [write])
debug2: channel 0: input open -> drain
debug2: channel 0: ibuf empty
debug2: channel 0: send eof
debug3: send packet: type 96
debug2: channel 0: input drain -> closed
debug3: receive packet: type 99
debug2: channel_input_status_confirm: type 99 id 0
debug2: shell request accepted on channel 0
debug2: channel 0: rcvd ext data 3
debug2: channel 0: rcvd ext data 12
debug2: channel 0: rcvd ext data 2
debug2: channel 0: rcvd ext data 76
debug2: channel 0: rcvd ext data 1
debug3: receive packet: type 98
debug1: client_input_channel_req: channel 0 rtype exit-status reply 0
debug3: receive packet: type 96
debug2: channel 0: rcvd eof
debug2: channel 0: output open -> drain
debug3: receive packet: type 97
debug2: channel 0: rcvd close
debug3: channel 0: will not send data after close
debug2: channel 0: obuf_empty delayed efd 8/(94)
Hi nickyreinert! You've successfully authenticated, but GitHub does not provide shell access.
debug2: channel 0: written 94 to efd 8
debug3: channel 0: will not send data after close
debug2: channel 0: obuf empty
debug2: chan_shutdown_write: channel 0: (i3 o1 sock -1 wfd 7 efd 8 [write])
debug2: channel 0: output drain -> closed
debug2: channel 0: almost dead
debug2: channel 0: gc: notify user
debug2: channel 0: gc: user detached
debug2: channel 0: send_close2
debug2: channel 0: send close for remote id 43
debug3: send packet: type 97
debug2: channel 0: is dead
debug2: channel 0: garbage collecting
debug1: channel 0: free: client-session, nchannels 1
debug3: channel 0: status: The following connections are open:
  #0 client-session (t4 [session] r43 nm0 i3/0 o3/0 e[write]/0 fd -1/-1/8 sock -1 cc -1 nc0 io 0x00/0x00)

debug3: send packet: type 1
Transferred: sent 2676, received 2700 bytes, in 0.2 seconds
Bytes per second: sent 11056.3, received 11155.4
debug1: Exit status 1

6) git ls-remote mit verbose SSH (mit Trace und Timeout):
---- START git ls-remote (verbose) ----
>>> running (timeout=45s): git ls-remote origin
22:23:55.047700 exec-cmd.c:139          trace: resolved executable path from Darwin stack: /Applications/Xcode.app/Contents/Developer/usr/bin/git
22:23:55.048335 exec-cmd.c:238          trace: resolved executable dir: /Applications/Xcode.app/Contents/Developer/usr/bin
22:23:55.049648 git.c:460               trace: built-in: git ls-remote origin
22:23:55.050041 run-command.c:655       trace: run_command: GIT_DIR=.git git remote-https origin https://github.com/nickyreinert/nickyreinert.de.git
22:23:55.075544 exec-cmd.c:139          trace: resolved executable path from Darwin stack: /Applications/Xcode.app/Contents/Developer/usr/libexec/git-core/git
22:23:55.075928 exec-cmd.c:238          trace: resolved executable dir: /Applications/Xcode.app/Contents/Developer/usr/libexec/git-core
22:23:55.076563 git.c:750               trace: exec: git-remote-https origin https://github.com/nickyreinert/nickyreinert.de.git
22:23:55.076579 run-command.c:655       trace: run_command: git-remote-https origin https://github.com/nickyreinert/nickyreinert.de.git
22:23:55.092877 exec-cmd.c:139          trace: resolved executable path from Darwin stack: /Applications/Xcode.app/Contents/Developer/usr/libexec/git-core/git-remote-https
22:23:55.093446 exec-cmd.c:238          trace: resolved executable dir: /Applications/Xcode.app/Contents/Developer/usr/libexec/git-core
remote: Internal Server Error
fatal: unable to access 'https://github.com/nickyreinert/nickyreinert.de.git/': The requested URL returned error: 500
error: waitpid for git-remote-https failed: No child processes
